{"C:\\rmp\\src\\setupTests.js": {"path":"C:\\rmp\\src\\setupTests.js","statementMap":{"0":{"start":{"line":4,"column":0},"end":{"line":4,"column":43}}},"fnMap":{},"branchMap":{},"s":{"0":4},"f":{},"b":{},"_coverageSchema":"332fd63041d2c1bcb487cc26dd0d5f7d97098a6c","hash":"ce749c16e946f114a9e5ca7cdc07ac7818549264"}
,"C:\\rmp\\src\\components\\Footing\\Footing.jsx": {"path":"C:\\rmp\\src\\components\\Footing\\Footing.jsx","statementMap":{"0":{"start":{"line":6,"column":4},"end":{"line":10,"column":6}}},"fnMap":{"0":{"name":"Footing","decl":{"start":{"line":5,"column":24},"end":{"line":5,"column":31}},"loc":{"start":{"line":5,"column":34},"end":{"line":11,"column":1}},"line":5}},"branchMap":{},"s":{"0":1},"f":{"0":1},"b":{},"_coverageSchema":"332fd63041d2c1bcb487cc26dd0d5f7d97098a6c","hash":"bc4373036029c76ce184204fd379c532c4f60fe6"}
,"C:\\rmp\\src\\components\\MoviePage\\MoviePage.jsx": {"path":"C:\\rmp\\src\\components\\MoviePage\\MoviePage.jsx","statementMap":{"0":{"start":{"line":14,"column":8},"end":{"line":14,"column":19}},"1":{"start":{"line":15,"column":4},"end":{"line":25,"column":6}},"2":{"start":{"line":28,"column":0},"end":{"line":30,"column":2}}},"fnMap":{"0":{"name":"MoviePage","decl":{"start":{"line":5,"column":24},"end":{"line":5,"column":33}},"loc":{"start":{"line":5,"column":41},"end":{"line":26,"column":1}},"line":5}},"branchMap":{},"s":{"0":1,"1":1,"2":1},"f":{"0":1},"b":{},"_coverageSchema":"332fd63041d2c1bcb487cc26dd0d5f7d97098a6c","hash":"5d850c37a61bd8b3e8a15e7835f7ac48aca079c4"}
,"C:\\rmp\\src\\components\\NoMovies\\NoMovies.jsx": {"path":"C:\\rmp\\src\\components\\NoMovies\\NoMovies.jsx","statementMap":{"0":{"start":{"line":5,"column":4},"end":{"line":5,"column":63}}},"fnMap":{"0":{"name":"NoMovies","decl":{"start":{"line":4,"column":24},"end":{"line":4,"column":32}},"loc":{"start":{"line":4,"column":35},"end":{"line":6,"column":1}},"line":4}},"branchMap":{},"s":{"0":1},"f":{"0":1},"b":{},"_coverageSchema":"332fd63041d2c1bcb487cc26dd0d5f7d97098a6c","hash":"1ba425313baf863183c72b86a827032a7b0bb849"}
,"C:\\rmp\\src\\components\\PageTitle\\PageTitle.jsx": {"path":"C:\\rmp\\src\\components\\PageTitle\\PageTitle.jsx","statementMap":{"0":{"start":{"line":5,"column":4},"end":{"line":5,"column":58}}},"fnMap":{"0":{"name":"PageTitle","decl":{"start":{"line":4,"column":24},"end":{"line":4,"column":33}},"loc":{"start":{"line":4,"column":36},"end":{"line":6,"column":1}},"line":4}},"branchMap":{},"s":{"0":2},"f":{"0":2},"b":{},"_coverageSchema":"332fd63041d2c1bcb487cc26dd0d5f7d97098a6c","hash":"b222616e38590a59e8d56396fc46763ae1516c7b"}
}
