TN:
SF:C:\rmp\src\setupTests.js
FNF:0
FNH:0
DA:4,4
LF:1
LH:1
BRF:0
BRH:0
end_of_record
TN:
SF:C:\rmp\src\components\Footing\Footing.jsx
FN:5,Footing
FNF:1
FNH:1
FNDA:1,Footing
DA:6,1
LF:1
LH:1
BRF:0
BRH:0
end_of_record
TN:
SF:C:\rmp\src\components\MoviePage\MoviePage.jsx
FN:5,MoviePage
FNF:1
FNH:1
FNDA:1,MoviePage
DA:14,1
DA:15,1
DA:28,1
LF:3
LH:3
BRF:0
BRH:0
end_of_record
TN:
SF:C:\rmp\src\components\NoMovies\NoMovies.jsx
FN:4,NoMovies
FNF:1
FNH:1
FNDA:1,NoMovies
DA:5,1
LF:1
LH:1
BRF:0
BRH:0
end_of_record
TN:
SF:C:\rmp\src\components\PageTitle\PageTitle.jsx
FN:4,PageTitle
FNF:1
FNH:1
FNDA:2,PageTitle
DA:5,2
LF:1
LH:1
BRF:0
BRH:0
end_of_record
